<?xml version="1.0" encoding="UTF-8"?>
<robot generator="Robot 3.2.1 (Python 3.8.3 on win32)" generated="20200713 19:38:46.545" rpa="false">
<suite id="s1" name="IntroductionRobotFramework" source="C:\ExoSeleniumEclipse\IntroductionRobotFramework">
<suite id="s1-s1" name="LoginTest" source="C:\ExoSeleniumEclipse\IntroductionRobotFramework\LoginTest.robot">
<test id="s1-s1-t1" name="LogInTest">
<kw name="Open Browser" library="SeleniumLibrary">
<doc>Opens a new browser instance to the optional ``url``.</doc>
<arguments>
<arg>${url}</arg>
<arg>${navigateur}</arg>
</arguments>
<msg timestamp="20200713 19:38:47.020" level="INFO">Opening browser 'gc' to base url 'https://opensource-demo.orangehrmlive.com/index.php/auth/login'.</msg>
<status status="PASS" starttime="20200713 19:38:47.019" endtime="20200713 19:38:53.019"></status>
</kw>
<kw name="Maximize Browser Window" library="SeleniumLibrary">
<doc>Maximizes current browser window.</doc>
<status status="PASS" starttime="20200713 19:38:53.019" endtime="20200713 19:38:55.204"></status>
</kw>
<kw name="Input Text" library="SeleniumLibrary">
<doc>Types the given ``text`` into the text field identified by ``locator``.</doc>
<arguments>
<arg>id=txtUsername</arg>
<arg>&amp;{loginDate}[username]</arg>
</arguments>
<msg timestamp="20200713 19:38:55.220" level="WARN">Accessing variable items using '&amp;{loginDate}[username]' syntax is deprecated. Use '${loginDate}[username]' instead.</msg>
<msg timestamp="20200713 19:38:55.221" level="INFO">Typing text 'Admin' into text field 'id=txtUsername'.</msg>
<status status="PASS" starttime="20200713 19:38:55.211" endtime="20200713 19:38:55.442"></status>
</kw>
<kw name="Input Password" library="SeleniumLibrary">
<doc>Types the given password into the text field identified by ``locator``.</doc>
<arguments>
<arg>id=txtPassword</arg>
<arg>&amp;{loginDate}[password]</arg>
</arguments>
<msg timestamp="20200713 19:38:55.444" level="WARN">Accessing variable items using '&amp;{loginDate}[password]' syntax is deprecated. Use '${loginDate}[password]' instead.</msg>
<msg timestamp="20200713 19:38:55.444" level="INFO">Typing password into text field 'id=txtPassword'.</msg>
<msg timestamp="20200713 19:38:55.508" level="INFO">Temporally setting log level to: NONE</msg>
<msg timestamp="20200713 19:38:55.587" level="INFO">Log level changed from NONE to INFO.</msg>
<status status="PASS" starttime="20200713 19:38:55.443" endtime="20200713 19:38:55.587"></status>
</kw>
<kw name="Click Button" library="SeleniumLibrary">
<doc>Clicks the button identified by ``locator``.</doc>
<arguments>
<arg>id=btnLogin</arg>
</arguments>
<msg timestamp="20200713 19:38:55.588" level="INFO">Clicking button 'id=btnLogin'.</msg>
<status status="PASS" starttime="20200713 19:38:55.587" endtime="20200713 19:38:57.447"></status>
</kw>
<kw name="Click Element" library="SeleniumLibrary">
<doc>Click the element identified by ``locator``.</doc>
<arguments>
<arg>id=welcome</arg>
</arguments>
<msg timestamp="20200713 19:38:57.449" level="INFO">Clicking element 'id=welcome'.</msg>
<status status="PASS" starttime="20200713 19:38:57.447" endtime="20200713 19:38:58.026"></status>
</kw>
<kw name="Wait Until Element Is Visible" library="SeleniumLibrary">
<doc>Waits until the element ``locator`` is visible.</doc>
<arguments>
<arg>link=Logout</arg>
</arguments>
<status status="PASS" starttime="20200713 19:38:58.027" endtime="20200713 19:38:58.201"></status>
</kw>
<kw name="Click Element" library="SeleniumLibrary">
<doc>Click the element identified by ``locator``.</doc>
<arguments>
<arg>link=Logout</arg>
</arguments>
<msg timestamp="20200713 19:38:58.202" level="INFO">Clicking element 'link=Logout'.</msg>
<status status="PASS" starttime="20200713 19:38:58.202" endtime="20200713 19:38:58.884"></status>
</kw>
<kw name="Log" library="BuiltIn">
<doc>Logs the given message with the given level.</doc>
<arguments>
<arg>Ceci est un test execute par %{username} dans %{os}</arg>
</arguments>
<msg timestamp="20200713 19:38:58.893" level="INFO">Ceci est un test execute par Home dans Windows_NT</msg>
<status status="PASS" starttime="20200713 19:38:58.886" endtime="20200713 19:38:58.894"></status>
</kw>
<kw name="Log" library="BuiltIn">
<doc>Logs the given message with the given level.</doc>
<arguments>
<arg>Fin de test</arg>
</arguments>
<msg timestamp="20200713 19:38:58.899" level="INFO">Fin de test</msg>
<status status="PASS" starttime="20200713 19:38:58.897" endtime="20200713 19:38:58.903"></status>
</kw>
<doc>Ceci est un test de login/logout</doc>
<status status="PASS" starttime="20200713 19:38:47.018" endtime="20200713 19:38:58.910" critical="yes"></status>
</test>
<status status="PASS" starttime="20200713 19:38:46.631" endtime="20200713 19:38:58.913"></status>
</suite>
<status status="PASS" starttime="20200713 19:38:46.601" endtime="20200713 19:38:58.930"></status>
</suite>
<statistics>
<total>
<stat pass="1" fail="0">Critical Tests</stat>
<stat pass="1" fail="0">All Tests</stat>
</total>
<tag>
</tag>
<suite>
<stat pass="1" fail="0" id="s1" name="IntroductionRobotFramework">IntroductionRobotFramework</stat>
<stat pass="1" fail="0" id="s1-s1" name="LoginTest">IntroductionRobotFramework.LoginTest</stat>
</suite>
</statistics>
<errors>
<msg timestamp="20200713 19:38:55.220" level="WARN">Accessing variable items using '&amp;{loginDate}[username]' syntax is deprecated. Use '${loginDate}[username]' instead.</msg>
<msg timestamp="20200713 19:38:55.444" level="WARN">Accessing variable items using '&amp;{loginDate}[password]' syntax is deprecated. Use '${loginDate}[password]' instead.</msg>
</errors>
</robot>
